  [1m[35m (494.0ms)[0m  [1m[35mCREATE DATABASE "betsy_development" ENCODING = 'unicode'[0m
  ↳ bin/rails:9
  [1m[35m (422.6ms)[0m  [1m[35mCREATE DATABASE "betsy_test" ENCODING = 'unicode'[0m
  ↳ bin/rails:9
  [1m[35m (14.8ms)[0m  [1m[35mCREATE TABLE "schema_migrations" ("version" character varying NOT NULL PRIMARY KEY)[0m
  ↳ bin/rails:9
  [1m[35m (45.9ms)[0m  [1m[35mCREATE TABLE "ar_internal_metadata" ("key" character varying NOT NULL PRIMARY KEY, "value" character varying, "created_at" timestamp NOT NULL, "updated_at" timestamp NOT NULL)[0m
  ↳ bin/rails:9
  [1m[35m (1.5ms)[0m  [1m[34mSELECT pg_try_advisory_lock(8263949505629717655)[0m
  ↳ bin/rails:9
  [1m[35m (0.5ms)[0m  [1m[34mSELECT "schema_migrations"."version" FROM "schema_migrations" ORDER BY "schema_migrations"."version" ASC[0m
  ↳ bin/rails:9
Migrating to CreateProducts (20190430233706)
  [1m[35m (40.7ms)[0m  [1m[35mBEGIN[0m
  ↳ bin/rails:9
  [1m[35m (7.4ms)[0m  [1m[35mCREATE TABLE "products" ("id" bigserial primary key, "name" character varying, "price" integer, "description" character varying, "photo" character varying, "inventory" integer, "created_at" timestamp NOT NULL, "updated_at" timestamp NOT NULL)[0m
  ↳ db/migrate/20190430233706_create_products.rb:3
  [1m[36mActiveRecord::SchemaMigration Create (0.5ms)[0m  [1m[32mINSERT INTO "schema_migrations" ("version") VALUES ($1) RETURNING "version"[0m  [["version", "20190430233706"]]
  ↳ bin/rails:9
  [1m[35m (0.5ms)[0m  [1m[35mCOMMIT[0m
  ↳ bin/rails:9
Migrating to CreateMerchants (20190430233742)
  [1m[35m (0.3ms)[0m  [1m[35mBEGIN[0m
  ↳ bin/rails:9
  [1m[35m (7.3ms)[0m  [1m[35mCREATE TABLE "merchants" ("id" bigserial primary key, "username" character varying, "email" character varying, "created_at" timestamp NOT NULL, "updated_at" timestamp NOT NULL)[0m
  ↳ db/migrate/20190430233742_create_merchants.rb:3
  [1m[36mActiveRecord::SchemaMigration Create (0.2ms)[0m  [1m[32mINSERT INTO "schema_migrations" ("version") VALUES ($1) RETURNING "version"[0m  [["version", "20190430233742"]]
  ↳ bin/rails:9
  [1m[35m (2.8ms)[0m  [1m[35mCOMMIT[0m
  ↳ bin/rails:9
Migrating to CreateCategories (20190430233759)
  [1m[35m (0.4ms)[0m  [1m[35mBEGIN[0m
  ↳ bin/rails:9
  [1m[35m (4.0ms)[0m  [1m[35mCREATE TABLE "categories" ("id" bigserial primary key, "name" character varying, "created_at" timestamp NOT NULL, "updated_at" timestamp NOT NULL)[0m
  ↳ db/migrate/20190430233759_create_categories.rb:3
  [1m[36mActiveRecord::SchemaMigration Create (0.5ms)[0m  [1m[32mINSERT INTO "schema_migrations" ("version") VALUES ($1) RETURNING "version"[0m  [["version", "20190430233759"]]
  ↳ bin/rails:9
  [1m[35m (0.7ms)[0m  [1m[35mCOMMIT[0m
  ↳ bin/rails:9
Migrating to CreateReviews (20190430233813)
  [1m[35m (0.4ms)[0m  [1m[35mBEGIN[0m
  ↳ bin/rails:9
  [1m[35m (4.1ms)[0m  [1m[35mCREATE TABLE "reviews" ("id" bigserial primary key, "rating" integer, "description" character varying, "created_at" timestamp NOT NULL, "updated_at" timestamp NOT NULL)[0m
  ↳ db/migrate/20190430233813_create_reviews.rb:3
  [1m[36mActiveRecord::SchemaMigration Create (0.3ms)[0m  [1m[32mINSERT INTO "schema_migrations" ("version") VALUES ($1) RETURNING "version"[0m  [["version", "20190430233813"]]
  ↳ bin/rails:9
  [1m[35m (1.1ms)[0m  [1m[35mCOMMIT[0m
  ↳ bin/rails:9
Migrating to CreateOrderitems (20190430233826)
  [1m[35m (0.3ms)[0m  [1m[35mBEGIN[0m
  ↳ bin/rails:9
  [1m[35m (3.8ms)[0m  [1m[35mCREATE TABLE "orderitems" ("id" bigserial primary key, "status" character varying, "quantity" integer, "created_at" timestamp NOT NULL, "updated_at" timestamp NOT NULL)[0m
  ↳ db/migrate/20190430233826_create_orderitems.rb:3
  [1m[36mActiveRecord::SchemaMigration Create (0.4ms)[0m  [1m[32mINSERT INTO "schema_migrations" ("version") VALUES ($1) RETURNING "version"[0m  [["version", "20190430233826"]]
  ↳ bin/rails:9
  [1m[35m (1.1ms)[0m  [1m[35mCOMMIT[0m
  ↳ bin/rails:9
Migrating to CreateOrders (20190430233847)
  [1m[35m (0.4ms)[0m  [1m[35mBEGIN[0m
  ↳ bin/rails:9
  [1m[35m (2.8ms)[0m  [1m[35mCREATE TABLE "orders" ("id" bigserial primary key, "status" character varying, "name" character varying, "email" character varying, "address" character varying, "cc_num" integer, "cc_exp" character varying, "cc_cvv" integer, "billing_zip" integer, "created_at" timestamp NOT NULL, "updated_at" timestamp NOT NULL)[0m
  ↳ db/migrate/20190430233847_create_orders.rb:3
  [1m[36mActiveRecord::SchemaMigration Create (0.4ms)[0m  [1m[32mINSERT INTO "schema_migrations" ("version") VALUES ($1) RETURNING "version"[0m  [["version", "20190430233847"]]
  ↳ bin/rails:9
  [1m[35m (2.4ms)[0m  [1m[35mCOMMIT[0m
  ↳ bin/rails:9
Migrating to CreateCategoriesProductsJoin (20190501205323)
  [1m[35m (0.3ms)[0m  [1m[35mBEGIN[0m
  ↳ bin/rails:9
  [1m[35m (1.7ms)[0m  [1m[35mCREATE TABLE "categories_products_joins" ("id" bigserial primary key, "category_id" bigint, "product_id" bigint)[0m
  ↳ db/migrate/20190501205323_create_categories_products_join.rb:3
  [1m[35m (0.9ms)[0m  [1m[35mCREATE  INDEX  "index_categories_products_joins_on_category_id" ON "categories_products_joins"  ("category_id")[0m
  ↳ db/migrate/20190501205323_create_categories_products_join.rb:3
  [1m[35m (0.7ms)[0m  [1m[35mCREATE  INDEX  "index_categories_products_joins_on_product_id" ON "categories_products_joins"  ("product_id")[0m
  ↳ db/migrate/20190501205323_create_categories_products_join.rb:3
  [1m[36mActiveRecord::SchemaMigration Create (0.2ms)[0m  [1m[32mINSERT INTO "schema_migrations" ("version") VALUES ($1) RETURNING "version"[0m  [["version", "20190501205323"]]
  ↳ bin/rails:9
  [1m[35m (0.5ms)[0m  [1m[35mCOMMIT[0m
  ↳ bin/rails:9
Migrating to AddProductidToReviews (20190501205616)
  [1m[35m (0.4ms)[0m  [1m[35mBEGIN[0m
  ↳ bin/rails:9
  [1m[35m (0.7ms)[0m  [1m[35mALTER TABLE "reviews" ADD "product_id" bigint[0m
  ↳ db/migrate/20190501205616_add_productid_to_reviews.rb:3
  [1m[35m (0.8ms)[0m  [1m[35mCREATE  INDEX  "index_reviews_on_product_id" ON "reviews"  ("product_id")[0m
  ↳ db/migrate/20190501205616_add_productid_to_reviews.rb:3
  [1m[35m (2.2ms)[0m  [1m[35mALTER TABLE "reviews" ADD CONSTRAINT "fk_rails_bedd9094d4"
FOREIGN KEY ("product_id")
  REFERENCES "products" ("id")
[0m
  ↳ db/migrate/20190501205616_add_productid_to_reviews.rb:3
  [1m[36mActiveRecord::SchemaMigration Create (0.4ms)[0m  [1m[32mINSERT INTO "schema_migrations" ("version") VALUES ($1) RETURNING "version"[0m  [["version", "20190501205616"]]
  ↳ bin/rails:9
  [1m[35m (40.8ms)[0m  [1m[35mCOMMIT[0m
  ↳ bin/rails:9
Migrating to AddMerchantidToProducts (20190501205757)
  [1m[35m (0.4ms)[0m  [1m[35mBEGIN[0m
  ↳ bin/rails:9
  [1m[35m (0.6ms)[0m  [1m[35mALTER TABLE "products" ADD "merchant_id" bigint[0m
  ↳ db/migrate/20190501205757_add_merchantid_to_products.rb:3
  [1m[35m (42.0ms)[0m  [1m[35mCREATE  INDEX  "index_products_on_merchant_id" ON "products"  ("merchant_id")[0m
  ↳ db/migrate/20190501205757_add_merchantid_to_products.rb:3
  [1m[35m (1.0ms)[0m  [1m[35mALTER TABLE "products" ADD CONSTRAINT "fk_rails_9009599abb"
FOREIGN KEY ("merchant_id")
  REFERENCES "merchants" ("id")
[0m
  ↳ db/migrate/20190501205757_add_merchantid_to_products.rb:3
  [1m[36mActiveRecord::SchemaMigration Create (0.5ms)[0m  [1m[32mINSERT INTO "schema_migrations" ("version") VALUES ($1) RETURNING "version"[0m  [["version", "20190501205757"]]
  ↳ bin/rails:9
  [1m[35m (1.4ms)[0m  [1m[35mCOMMIT[0m
  ↳ bin/rails:9
Migrating to AddProductidToOrderitems (20190501210303)
  [1m[35m (0.2ms)[0m  [1m[35mBEGIN[0m
  ↳ bin/rails:9
  [1m[35m (0.3ms)[0m  [1m[35mALTER TABLE "orderitems" ADD "product_id" bigint[0m
  ↳ db/migrate/20190501210303_add_productid_to_orderitems.rb:3
  [1m[35m (0.9ms)[0m  [1m[35mCREATE  INDEX  "index_orderitems_on_product_id" ON "orderitems"  ("product_id")[0m
  ↳ db/migrate/20190501210303_add_productid_to_orderitems.rb:3
  [1m[35m (1.1ms)[0m  [1m[35mALTER TABLE "orderitems" ADD CONSTRAINT "fk_rails_95776705b6"
FOREIGN KEY ("product_id")
  REFERENCES "products" ("id")
[0m
  ↳ db/migrate/20190501210303_add_productid_to_orderitems.rb:3
  [1m[36mActiveRecord::SchemaMigration Create (0.3ms)[0m  [1m[32mINSERT INTO "schema_migrations" ("version") VALUES ($1) RETURNING "version"[0m  [["version", "20190501210303"]]
  ↳ bin/rails:9
  [1m[35m (0.5ms)[0m  [1m[35mCOMMIT[0m
  ↳ bin/rails:9
Migrating to AddOrderidToOrderitems (20190501210404)
  [1m[35m (0.1ms)[0m  [1m[35mBEGIN[0m
  ↳ bin/rails:9
  [1m[35m (0.3ms)[0m  [1m[35mALTER TABLE "orderitems" ADD "order_id" bigint[0m
  ↳ db/migrate/20190501210404_add_orderid_to_orderitems.rb:3
  [1m[35m (0.9ms)[0m  [1m[35mCREATE  INDEX  "index_orderitems_on_order_id" ON "orderitems"  ("order_id")[0m
  ↳ db/migrate/20190501210404_add_orderid_to_orderitems.rb:3
  [1m[35m (0.9ms)[0m  [1m[35mALTER TABLE "orderitems" ADD CONSTRAINT "fk_rails_10745a926d"
FOREIGN KEY ("order_id")
  REFERENCES "orders" ("id")
[0m
  ↳ db/migrate/20190501210404_add_orderid_to_orderitems.rb:3
  [1m[36mActiveRecord::SchemaMigration Create (0.2ms)[0m  [1m[32mINSERT INTO "schema_migrations" ("version") VALUES ($1) RETURNING "version"[0m  [["version", "20190501210404"]]
  ↳ bin/rails:9
  [1m[35m (0.5ms)[0m  [1m[35mCOMMIT[0m
  ↳ bin/rails:9
  [1m[36mActiveRecord::InternalMetadata Load (0.3ms)[0m  [1m[34mSELECT  "ar_internal_metadata".* FROM "ar_internal_metadata" WHERE "ar_internal_metadata"."key" = $1 LIMIT $2[0m  [["key", "environment"], ["LIMIT", 1]]
  ↳ bin/rails:9
  [1m[35m (0.3ms)[0m  [1m[35mBEGIN[0m
  ↳ bin/rails:9
  [1m[36mActiveRecord::InternalMetadata Create (0.9ms)[0m  [1m[32mINSERT INTO "ar_internal_metadata" ("key", "value", "created_at", "updated_at") VALUES ($1, $2, $3, $4) RETURNING "key"[0m  [["key", "environment"], ["value", "development"], ["created_at", "2019-05-01 22:12:20.180078"], ["updated_at", "2019-05-01 22:12:20.180078"]]
  ↳ bin/rails:9
  [1m[35m (27.9ms)[0m  [1m[35mCOMMIT[0m
  ↳ bin/rails:9
  [1m[35m (0.3ms)[0m  [1m[34mSELECT pg_advisory_unlock(8263949505629717655)[0m
  ↳ bin/rails:9
  [1m[35m (0.2ms)[0m  [1m[34mSELECT "schema_migrations"."version" FROM "schema_migrations" ORDER BY "schema_migrations"."version" ASC[0m
  ↳ bin/rails:9
  [1m[35m (0.6ms)[0m  [1m[34mSELECT "schema_migrations"."version" FROM "schema_migrations" ORDER BY "schema_migrations"."version" ASC[0m
  ↳ bin/rails:9
